Endpoint: http://bing.com
Response Status: 200
Scan date: April 06, 2025 - 19:49:26

---

Endpoint: http://google.com
Response Status: 200
Scan date: April 06, 2025 - 19:49:26

---

Endpoint: http://hello.com
Response Status: 200
Scan date: April 06, 2025 - 19:49:27

---
Endpoint: http://geeksforgeeks.org
Response Status: 200
Scan date: April 06, 2025 - 20:08:46

---
Endpoint: http://wordpress.org
Response Status: 200
Scan date: April 06, 2025 - 20:08:48

---
Endpoint: http://hello123.com
Response Status: 200
Scan date: April 06, 2025 - 20:08:48

---
Endpoint: http://abc.xyz
Response Status: 200
Scan date: April 06, 2025 - 20:08:49

---
Endpoint: http://google.com
Response Status: 200
Scan date: April 07, 2025 - 06:32:08

---
Endpoint: http://stackoverflow.com
Response Status: 200
Scan date: April 07, 2025 - 06:40:25

---
